<?xml version="1.0" encoding="UTF-8"?>
<!-- Generated by org.testng.reporters.JUnitReportReporter -->
<testsuite skipped="0" hostname="DESKTOP-8586O9J" name="com.inetbanking.testCases.TC_AddCustomeeTest_003" tests="1" failures="0" timestamp="2020-11-24T11:22:21 IST" time="42.066" errors="0">
  <testcase name="addNewCustomer" time="42.066" classname="com.inetbanking.testCases.TC_AddCustomeeTest_003"/>
  <system-out/>
</testsuite> <!-- com.inetbanking.testCases.TC_AddCustomeeTest_003 -->
